TN:
SF:src/components/category/Category.jsx
FN:4,(anonymous_0)
FN:7,(anonymous_1)
FN:9,(anonymous_2)
FN:13,(anonymous_3)
FN:16,(anonymous_4)
FN:20,(anonymous_5)
FN:31,(anonymous_6)
FN:38,(anonymous_7)
FNF:8
FNH:3
FNDA:3,(anonymous_0)
FNDA:3,(anonymous_1)
FNDA:0,(anonymous_2)
FNDA:0,(anonymous_3)
FNDA:3,(anonymous_4)
FNDA:0,(anonymous_5)
FNDA:0,(anonymous_6)
FNDA:0,(anonymous_7)
DA:4,1
DA:5,3
DA:6,3
DA:7,3
DA:8,3
DA:10,0
DA:11,0
DA:13,0
DA:16,3
DA:17,3
DA:20,3
DA:21,0
DA:24,3
DA:32,0
DA:38,0
LF:15
LH:9
BRF:0
BRH:0
end_of_record
