TN:
SF:src/components/bookList/UBook.jsx
FN:7,(anonymous_0)
FN:17,(anonymous_1)
FN:21,(anonymous_2)
FN:25,(anonymous_3)
FN:35,(anonymous_4)
FN:40,(anonymous_5)
FN:42,(anonymous_6)
FN:53,(anonymous_7)
FN:73,(anonymous_8)
FN:78,(anonymous_9)
FN:83,(anonymous_10)
FNF:11
FNH:4
FNDA:2,(anonymous_0)
FNDA:0,(anonymous_1)
FNDA:0,(anonymous_2)
FNDA:0,(anonymous_3)
FNDA:2,(anonymous_4)
FNDA:2,(anonymous_5)
FNDA:1,(anonymous_6)
FNDA:0,(anonymous_7)
FNDA:0,(anonymous_8)
FNDA:0,(anonymous_9)
FNDA:0,(anonymous_10)
DA:7,1
DA:8,2
DA:9,2
DA:10,2
DA:11,2
DA:12,2
DA:13,2
DA:14,2
DA:15,2
DA:16,2
DA:17,2
DA:18,0
DA:21,2
DA:22,0
DA:25,2
DA:26,0
DA:29,2
DA:32,2
DA:35,2
DA:36,2
DA:40,2
DA:41,2
DA:43,1
DA:54,0
DA:57,2
DA:73,0
DA:78,0
DA:83,0
LF:28
LH:21
BRDA:29,0,0,0
BRDA:29,0,1,2
BRDA:32,1,0,0
BRDA:32,1,1,2
BRDA:72,2,0,2
BRDA:72,2,1,0
BRDA:72,2,2,0
BRDA:77,3,0,2
BRDA:77,3,1,0
BRDA:77,3,2,0
BRDA:82,4,0,2
BRDA:82,4,1,0
BRDA:82,4,2,0
BRF:13
BRH:5
end_of_record
TN:
SF:src/components/category/Books.jsx
FN:5,(anonymous_0)
FN:14,(anonymous_1)
FN:20,(anonymous_2)
FN:27,(anonymous_3)
FN:30,(anonymous_4)
FN:32,(anonymous_5)
FN:36,(anonymous_6)
FN:38,(anonymous_7)
FN:42,(anonymous_8)
FN:46,(anonymous_9)
FN:52,(anonymous_10)
FN:53,(anonymous_11)
FN:59,(anonymous_12)
FNF:13
FNH:5
FNDA:2,(anonymous_0)
FNDA:0,(anonymous_1)
FNDA:0,(anonymous_2)
FNDA:0,(anonymous_3)
FNDA:2,(anonymous_4)
FNDA:1,(anonymous_5)
FNDA:0,(anonymous_6)
FNDA:2,(anonymous_7)
FNDA:0,(anonymous_8)
FNDA:2,(anonymous_9)
FNDA:0,(anonymous_10)
FNDA:0,(anonymous_11)
FNDA:0,(anonymous_12)
DA:5,1
DA:6,2
DA:7,2
DA:8,2
DA:9,2
DA:10,2
DA:11,2
DA:12,2
DA:14,2
DA:15,0
DA:16,0
DA:20,2
DA:21,0
DA:22,0
DA:27,2
DA:29,2
DA:30,2
DA:31,2
DA:33,1
DA:34,1
DA:36,0
DA:38,2
DA:39,2
DA:42,2
DA:43,0
DA:46,2
DA:47,2
DA:52,0
DA:54,0
DA:59,0
DA:84,2
LF:31
LH:22
BRDA:15,0,0,0
BRDA:15,0,1,0
BRDA:21,1,0,0
BRDA:21,1,1,0
BRF:4
BRH:0
end_of_record
TN:
SF:src/components/category/Category.jsx
FN:4,(anonymous_0)
FN:7,(anonymous_1)
FN:9,(anonymous_2)
FN:13,(anonymous_3)
FN:16,(anonymous_4)
FN:20,(anonymous_5)
FN:31,(anonymous_6)
FN:38,(anonymous_7)
FNF:8
FNH:3
FNDA:3,(anonymous_0)
FNDA:3,(anonymous_1)
FNDA:0,(anonymous_2)
FNDA:0,(anonymous_3)
FNDA:3,(anonymous_4)
FNDA:0,(anonymous_5)
FNDA:0,(anonymous_6)
FNDA:0,(anonymous_7)
DA:4,1
DA:5,3
DA:6,3
DA:7,3
DA:8,3
DA:10,0
DA:11,0
DA:13,0
DA:16,3
DA:17,3
DA:20,3
DA:21,0
DA:24,3
DA:32,0
DA:38,0
LF:15
LH:9
BRF:0
BRH:0
end_of_record
